<?xml version="1.0" encoding="UTF-8"?>
<!-- Generated by org.testng.reporters.JUnitReportReporter -->
<testsuite skipped="0" hostname="DESKTOP-3MB82EE" name="sotatek.amazon.home.TC_01_Test" tests="1" failures="0" timestamp="26 Jun 2021 15:48:08 GMT" time="20.036" errors="0">
  <testcase name="TC_01_Test_Sotatek" time="20.036" classname="sotatek.amazon.home.TC_01_Test"/>
</testsuite> <!-- sotatek.amazon.home.TC_01_Test -->
